2026-01-10 00:47:45.645 | INFO | 日志系统初始化完成 | {"log_dir": "./logs"}
2026-01-10 00:47:45.647 | INFO | ============================================================
2026-01-10 00:47:45.647 | INFO | CTP程序化交易系统启动
2026-01-10 00:47:45.647 | INFO | 符合 T/ZQX 0004-2025 期货程序化交易系统功能测试指引
2026-01-10 00:47:45.647 | INFO | ============================================================
2026-01-10 00:47:45.647 | INFO | CTP网关初始化完成
2026-01-10 00:47:45.648 | INFO | 连接监测器初始化完成
2026-01-10 00:47:45.648 | INFO | 报单监测器初始化完成
2026-01-10 00:47:45.649 | INFO | 报单监测器初始化完成
2026-01-10 00:47:45.649 | INFO | 阈值管理器初始化完成 | {"repeat_open_threshold": 10, "repeat_close_threshold": 10, "repeat_cancel_threshold": 10, "total_order_threshold": 500, "total_cancel_threshold": 500}
2026-01-10 00:47:45.649 | INFO | 阈值管理器初始化完成
2026-01-10 00:47:45.649 | INFO | 交易指令验证器初始化完成
2026-01-10 00:47:45.649 | INFO | 交易指令验证器初始化完成
2026-01-10 00:47:45.649 | INFO | 预警服务初始化完成 | {"enable_popup": true, "enable_sound": true, "enable_email": false}
2026-01-10 00:47:45.649 | INFO | 预警服务初始化完成
2026-01-10 00:47:45.649 | INFO | 应急处置器初始化完成
2026-01-10 00:47:45.649 | INFO | 应急处置器初始化完成
2026-01-10 00:51:43.708 | INFO | 日志系统初始化完成 | {"log_dir": "./logs"}
2026-01-10 00:51:43.708 | INFO | ============================================================
2026-01-10 00:51:43.709 | INFO | CTP程序化交易系统启动
2026-01-10 00:51:43.709 | INFO | 符合 T/ZQX 0004-2025 期货程序化交易系统功能测试指引
2026-01-10 00:51:43.709 | INFO | ============================================================
2026-01-10 00:51:43.709 | INFO | CTP网关初始化完成
2026-01-10 00:51:43.709 | INFO | 连接监测器初始化完成
2026-01-10 00:51:43.709 | INFO | 报单监测器初始化完成
2026-01-10 00:51:43.709 | INFO | 报单监测器初始化完成
2026-01-10 00:51:43.709 | INFO | 阈值管理器初始化完成 | {"repeat_open_threshold": 10, "repeat_close_threshold": 10, "repeat_cancel_threshold": 10, "total_order_threshold": 500, "total_cancel_threshold": 500}
2026-01-10 00:51:43.709 | INFO | 阈值管理器初始化完成
2026-01-10 00:51:43.709 | INFO | 交易指令验证器初始化完成
2026-01-10 00:51:43.709 | INFO | 交易指令验证器初始化完成
2026-01-10 00:51:43.709 | INFO | 预警服务初始化完成 | {"enable_popup": true, "enable_sound": true, "enable_email": false}
2026-01-10 00:51:43.709 | INFO | 预警服务初始化完成
2026-01-10 00:51:43.709 | INFO | 应急处置器初始化完成
2026-01-10 00:51:43.709 | INFO | 应急处置器初始化完成
